0 info it worked if it ends with ok
1 verbose cli [ 'node', '/usr/bin/npm', 'start' ]
2 info using npm@3.8.6
3 info using node@v0.10.25
4 verbose node symlink /usr/bin/node
5 verbose run-script [ 'prestart', 'start', 'poststart' ]
6 info lifecycle pool_car@0.0.0~prestart: pool_car@0.0.0
7 silly lifecycle pool_car@0.0.0~prestart: no script for prestart, continuing
8 info lifecycle pool_car@0.0.0~start: pool_car@0.0.0
9 verbose lifecycle pool_car@0.0.0~start: unsafe-perm in lifecycle true
10 verbose lifecycle pool_car@0.0.0~start: PATH: /usr/lib/node_modules/npm/bin/node-gyp-bin:/home/pratyush/Desktop/Car_POOL/node_modules/.bin:/usr/bin:/usr/local/sbin:/usr/local/bin:/usr/sbin:/usr/bin:/sbin:/bin
11 verbose lifecycle pool_car@0.0.0~start: CWD: /home/pratyush/Desktop/Car_POOL
12 silly lifecycle pool_car@0.0.0~start: Args: [ '-c', 'node ./bin/www' ]
13 silly lifecycle pool_car@0.0.0~start: Returned: code: 8  signal: null
14 info lifecycle pool_car@0.0.0~start: Failed to exec start script
15 verbose stack Error: pool_car@0.0.0 start: `node ./bin/www`
15 verbose stack Exit status 8
15 verbose stack     at EventEmitter.<anonymous> (/usr/lib/node_modules/npm/lib/utils/lifecycle.js:239:16)
15 verbose stack     at EventEmitter.emit (events.js:98:17)
15 verbose stack     at ChildProcess.<anonymous> (/usr/lib/node_modules/npm/lib/utils/spawn.js:24:14)
15 verbose stack     at ChildProcess.EventEmitter.emit (events.js:98:17)
15 verbose stack     at maybeClose (child_process.js:743:16)
15 verbose stack     at Process.ChildProcess._handle.onexit (child_process.js:810:5)
16 verbose pkgid pool_car@0.0.0
17 verbose cwd /home/pratyush/Desktop/Car_POOL
18 error Linux 3.16.0-38-generic
19 error argv "node" "/usr/bin/npm" "start"
20 error node v0.10.25
21 error npm  v3.8.6
22 error code ELIFECYCLE
23 error pool_car@0.0.0 start: `node ./bin/www`
23 error Exit status 8
24 error Failed at the pool_car@0.0.0 start script 'node ./bin/www'.
24 error Make sure you have the latest version of node.js and npm installed.
24 error If you do, this is most likely a problem with the pool_car package,
24 error not with npm itself.
24 error Tell the author that this fails on your system:
24 error     node ./bin/www
24 error You can get information on how to open an issue for this project with:
24 error     npm bugs pool_car
24 error Or if that isn't available, you can get their info via:
24 error     npm owner ls pool_car
24 error There is likely additional logging output above.
25 verbose exit [ 1, true ]
